# configure exec: ./configure --prefix=/root/eventgate-deploy/node_modules/node-rdkafka/build/deps --libdir=/root/eventgate-deploy/node_modules/node-rdkafka/build/deps --prefix=/root/eventgate-deploy/node_modules/node-rdkafka/build/deps --libdir=/root/eventgate-deploy/node_modules/node-rdkafka/build/deps
# On Tue Jan 13 02:29:53 PM UTC 2026
DBG 83685: Setting distro (distro) status to ok (action ignore)
DBG 83685: ccenv: WITH_CC:  --version failed: mklove/modules/configure.base: line 1824: --version: command not found
DBG 83685: Setting ccenv (ccenv) status to failed (action cont)
DBG 83685: Check ccenv (WITH_CC, action cont (originally cont)) failed: command ' --version' failed:
mklove/modules/configure.base: line 1824: --version: command not found
DBG 83685: Setting gcc (gcc) status to ok (action cont)
DBG 83685: cxxenv: WITH_CXX:  --version failed: mklove/modules/configure.base: line 1824: --version: command not found
DBG 83685: Setting cxxenv (cxxenv) status to failed (action cont)
DBG 83685: Check cxxenv (WITH_CXX, action cont (originally cont)) failed: command ' --version' failed:
mklove/modules/configure.base: line 1824: --version: command not found
DBG 83685: Setting gxx (gxx) status to ok (action cont)
DBG 83685: Setting ld (ld) status to ok (action disable)
DBG 83685: Setting nm (nm) status to ok (action disable)
DBG 83685: Setting objdump (objdump) status to ok (action disable)
DBG 83685: Setting strip (strip) status to ok (action disable)
DBG 83685: libtool: : libtool is not executable: 
DBG 83685: Setting libtool (libtool) status to failed (action disable)
DBG 83685: Check libtool (, action disable (originally disable)) failed: libtool is not executable
DBG 83685: Setting ranlib (ranlib) status to ok (action disable)
DBG 83685: pkgconfig: WITH_PKGCONFIG: pkg-config --version failed: mklove/modules/configure.base: line 1824: pkg-config: command not found
DBG 83685: Setting pkgconfig (pkgconfig) status to failed (action cont)
DBG 83685: Check pkgconfig (WITH_PKGCONFIG, action cont (originally cont)) failed: command 'pkg-config --version' failed:
mklove/modules/configure.base: line 1824: pkg-config: command not found
DBG 83685: Setting install (install) status to ok (action cont)
DBG 83685: Setting gnuar (gnuar) status to ok (action disable)
DBG 83685: Compile check PIC (HAVE_PIC) (sub=0): gcc  -g -O2 -Wall -Werror _mkltmpvzDttK.c -o _mkltmpvzDttK.c.o  -L/root/eventgate-deploy/node_modules/node-rdkafka/build/deps -fPIC 
DBG 83685: Setting PIC (PIC) status to ok (action disable)
DBG 83685: Compile check gnulib (WITH_GNULD) (sub=0): gcc  -g -O2 -fPIC -Wall -Werror _mkltmpyUlkgs.c -o _mkltmpyUlkgs.c.o  -L/root/eventgate-deploy/node_modules/node-rdkafka/build/deps -shared -Wl,-soname,mkltest.0 
DBG 83685: Setting gnulib (gnulib) status to ok (action cont)
DBG 83685: Compile check ldsflagvs () (sub=0): gcc  -g -O2 -fPIC -Wall -Werror _mkltmpYB6jTQ.c -o _mkltmpYB6jTQ.c.o  -L/root/eventgate-deploy/node_modules/node-rdkafka/build/deps -shared -Wl,--version-script=_mkltmpBc5GTh 
DBG 83685: Setting ldsflagvs (ldsflagvs) status to ok (action cont)
DBG 83685: Compile check __atomic_32 (HAVE_ATOMICS_32) (sub=0): gcc  -g -O2 -fPIC -Wall -Werror _mkltmp8kSz4o.c -o _mkltmp8kSz4o.c.o  -L/root/eventgate-deploy/node_modules/node-rdkafka/build/deps  
DBG 83685: Setting __atomic_32 (__atomic_32) status to ok (action cont)
DBG 83685: Compile check __atomic_64 (HAVE_ATOMICS_64) (sub=0): gcc  -g -O2 -fPIC -Wall -Werror _mkltmps7Tqlk.c -o _mkltmps7Tqlk.c.o  -L/root/eventgate-deploy/node_modules/node-rdkafka/build/deps  
DBG 83685: Setting __atomic_64 (__atomic_64) status to ok (action cont)
DBG 83685: Compile check socket () (sub=0): gcc  -g -O2 -fPIC -Wall -Wsign-compare -Wfloat-equal -Wpointer-arith -Wcast-align -Wall -Werror _mkltmpxgOueU.c -o _mkltmpxgOueU.c.o  -L/root/eventgate-deploy/node_modules/node-rdkafka/build/deps  
DBG 83685: Setting socket (socket) status to ok (action cont)
DBG 83685: Setting parseversion (parseversion) status to ok (action cont)
DBG 83685: librt: Check for static library (libs -lrt, arfile variable STATIC_LIB_librt=, static filenames )
DBG 83685: Compile check librt () (sub=0): gcc  -g -O2 -fPIC -Wall -Wsign-compare -Wfloat-equal -Wpointer-arith -Wcast-align -Wall -Werror _mkltmpCX230o.c -o _mkltmpCX230o.c.o  -L/root/eventgate-deploy/node_modules/node-rdkafka/build/deps -lrt 
DBG 83685: Setting librt (librt) status to ok (action cont)
DBG 83685: librt: from lib_check: LIBS: prepend -lrt
DBG 83685: libpthread: Check for static library (libs -lpthread, arfile variable STATIC_LIB_libpthread=, static filenames )
DBG 83685: Compile check libpthread () (sub=0): gcc  -g -O2 -fPIC -Wall -Wsign-compare -Wfloat-equal -Wpointer-arith -Wcast-align -Wall -Werror _mkltmp5nv6VH.c -o _mkltmp5nv6VH.c.o  -L/root/eventgate-deploy/node_modules/node-rdkafka/build/deps -lpthread -lrt
DBG 83685: Setting libpthread (libpthread) status to ok (action fail)
DBG 83685: libpthread: from lib_check: LIBS: prepend -lpthread
DBG 83685: c11threads: Check for static library (libs -lpthread -lrt, arfile variable STATIC_LIB_c11threads=, static filenames )
DBG 83685: Compile check c11threads (WITH_C11THREADS) (sub=0): gcc  -g -O2 -fPIC -Wall -Wsign-compare -Wfloat-equal -Wpointer-arith -Wcast-align -Wall -Werror _mkltmp8dqjM4.c -o _mkltmp8dqjM4.c.o  -L/root/eventgate-deploy/node_modules/node-rdkafka/build/deps -lpthread -lrt -lpthread -lrt
DBG 83685: Setting c11threads (c11threads) status to ok (action disable)
DBG 83685: c11threads: from lib_check: LIBS: prepend -lpthread -lrt
DBG 83685: libdl: Check for static library (libs -ldl, arfile variable STATIC_LIB_libdl=, static filenames )
DBG 83685: Compile check libdl (WITH_LIBDL) (sub=0): gcc  -g -O2 -fPIC -Wall -Wsign-compare -Wfloat-equal -Wpointer-arith -Wcast-align -Wall -Werror _mkltmpwSMZSX.c -o _mkltmpwSMZSX.c.o  -L/root/eventgate-deploy/node_modules/node-rdkafka/build/deps -ldl -lpthread -lrt -lpthread -lrt
DBG 83685: Setting libdl (libdl) status to ok (action disable)
DBG 83685: libdl: from lib_check: LIBS: prepend -ldl
DBG 83685: zlib: Check for static library (libs -lz, arfile variable STATIC_LIB_zlib=, static filenames libz.a)
DBG 83685: Compile check zlib (WITH_ZLIB) (sub=0): gcc  -g -O2 -fPIC -Wall -Wsign-compare -Wfloat-equal -Wpointer-arith -Wcast-align -Wall -Werror _mkltmpxhwWHc.c -o _mkltmpxhwWHc.c.o  -L/root/eventgate-deploy/node_modules/node-rdkafka/build/deps -lz -ldl -lpthread -lrt -lpthread -lrt
DBG 83685: compile check for zlib (WITH_ZLIB) failed: gcc  -g -O2 -fPIC -Wall -Wsign-compare -Wfloat-equal -Wpointer-arith -Wcast-align -Wall -Werror _mkltmpxhwWHc.c -o _mkltmpxhwWHc.c.o  -L/root/eventgate-deploy/node_modules/node-rdkafka/build/deps -lz -ldl -lpthread -lrt -lpthread -lrt: _mkltmpxhwWHc.c:3:10: fatal error: zlib.h: No such file or directory
    3 | #include <zlib.h>
      |          ^~~~~~~~
compilation terminated.
DBG 83685: Setting zlib (zlib) status to failed (action disable)
DBG 83685: Check zlib (WITH_ZLIB, action disable (originally disable)) failed: compile check failed:
CC: CC
flags: -lz
gcc  -g -O2 -fPIC -Wall -Wsign-compare -Wfloat-equal -Wpointer-arith -Wcast-align -Wall -Werror _mkltmpxhwWHc.c -o _mkltmpxhwWHc.c.o  -L/root/eventgate-deploy/node_modules/node-rdkafka/build/deps -lz -ldl -lpthread -lrt -lpthread -lrt:
_mkltmpxhwWHc.c:3:10: fatal error: zlib.h: No such file or directory
    3 | #include <zlib.h>
      |          ^~~~~~~~
compilation terminated.
source: 
#include <stddef.h>
#include <zlib.h>

void foo (void) {
     z_stream *p = NULL;
     inflate(p, 0);
}

DBG 83685: libcrypto: Check for static library (libs -lcrypto, arfile variable STATIC_LIB_libcrypto=, static filenames libcrypto.a)
DBG 83685: Compile check libcrypto () (sub=0): gcc  -g -O2 -fPIC -Wall -Wsign-compare -Wfloat-equal -Wpointer-arith -Wcast-align -Wall -Werror _mkltmpC0gwcm.c -o _mkltmpC0gwcm.c.o  -L/root/eventgate-deploy/node_modules/node-rdkafka/build/deps -lcrypto -ldl -lpthread -lrt -lpthread -lrt
DBG 83685: Setting libcrypto (libcrypto) status to ok (action disable)
DBG 83685: libcrypto: from lib_check: LIBS: prepend -lcrypto
DBG 83685: libssl: Check for static library (libs -lssl -lcrypto, arfile variable STATIC_LIB_libssl=, static filenames libssl.a)
DBG 83685: Compile check libssl (WITH_SSL) (sub=0): gcc  -g -O2 -fPIC -Wall -Wsign-compare -Wfloat-equal -Wpointer-arith -Wcast-align -Wall -Werror _mkltmphn9ExG.c -o _mkltmphn9ExG.c.o  -L/root/eventgate-deploy/node_modules/node-rdkafka/build/deps -lssl -lcrypto -lcrypto -ldl -lpthread -lrt -lpthread -lrt
DBG 83685: Setting libssl (libssl) status to ok (action disable)
DBG 83685: libssl: from lib_check: LIBS: prepend -lssl -lcrypto
DBG 83685: Compile check libcrypto () (sub=1): gcc  -g -O2 -fPIC -Wall -Wsign-compare -Wfloat-equal -Wpointer-arith -Wcast-align -Wall -Werror _mkltmppCjzZD.c -o _mkltmppCjzZD.c.o  -L/root/eventgate-deploy/node_modules/node-rdkafka/build/deps -lcrypto -lssl -lcrypto -lcrypto -ldl -lpthread -lrt -lpthread -lrt
DBG 83685: compile check for libcrypto () failed: gcc  -g -O2 -fPIC -Wall -Wsign-compare -Wfloat-equal -Wpointer-arith -Wcast-align -Wall -Werror _mkltmppCjzZD.c -o _mkltmppCjzZD.c.o  -L/root/eventgate-deploy/node_modules/node-rdkafka/build/deps -lcrypto -lssl -lcrypto -lcrypto -ldl -lpthread -lrt -lpthread -lrt: _mkltmppCjzZD.c:4:2: error: #error "OpenSSL version >= v3.0.0 needs OPENSSL_SUPPRESS_DEPRECATED"
    4 | #error "OpenSSL version >= v3.0.0 needs OPENSSL_SUPPRESS_DEPRECATED"
      |  ^~~~~
DBG 83685: libsasl2: Check for static library (libs -lsasl2, arfile variable STATIC_LIB_libsasl2=, static filenames )
DBG 83685: Compile check libsasl2 (WITH_SASL_CYRUS) (sub=0): gcc  -g -O2 -fPIC -Wall -Wsign-compare -Wfloat-equal -Wpointer-arith -Wcast-align -Wall -Werror _mkltmplMg1MZ.c -o _mkltmplMg1MZ.c.o  -L/root/eventgate-deploy/node_modules/node-rdkafka/build/deps -lsasl2 -lssl -lcrypto -lcrypto -ldl -lpthread -lrt -lpthread -lrt
DBG 83685: compile check for libsasl2 (WITH_SASL_CYRUS) failed: gcc  -g -O2 -fPIC -Wall -Wsign-compare -Wfloat-equal -Wpointer-arith -Wcast-align -Wall -Werror _mkltmplMg1MZ.c -o _mkltmplMg1MZ.c.o  -L/root/eventgate-deploy/node_modules/node-rdkafka/build/deps -lsasl2 -lssl -lcrypto -lcrypto -ldl -lpthread -lrt -lpthread -lrt: _mkltmplMg1MZ.c:3:10: fatal error: sasl/sasl.h: No such file or directory
    3 | #include <sasl/sasl.h>
      |          ^~~~~~~~~~~~~
compilation terminated.
DBG 83685: Setting libsasl2 (libsasl2) status to failed (action disable)
DBG 83685: Check libsasl2 (WITH_SASL_CYRUS, action disable (originally disable)) failed: compile check failed:
CC: CC
flags: -lsasl2
gcc  -g -O2 -fPIC -Wall -Wsign-compare -Wfloat-equal -Wpointer-arith -Wcast-align -Wall -Werror _mkltmplMg1MZ.c -o _mkltmplMg1MZ.c.o  -L/root/eventgate-deploy/node_modules/node-rdkafka/build/deps -lsasl2 -lssl -lcrypto -lcrypto -ldl -lpthread -lrt -lpthread -lrt:
_mkltmplMg1MZ.c:3:10: fatal error: sasl/sasl.h: No such file or directory
    3 | #include <sasl/sasl.h>
      |          ^~~~~~~~~~~~~
compilation terminated.
source: 
#include <stddef.h>
#include <sasl/sasl.h>

DBG 83685: libsasl: Check for static library (libs -lsasl, arfile variable STATIC_LIB_libsasl=, static filenames )
DBG 83685: Compile check libsasl (WITH_SASL_CYRUS) (sub=0): gcc  -g -O2 -fPIC -Wall -Wsign-compare -Wfloat-equal -Wpointer-arith -Wcast-align -Wall -Werror _mkltmp14i17x.c -o _mkltmp14i17x.c.o  -L/root/eventgate-deploy/node_modules/node-rdkafka/build/deps -lsasl -lssl -lcrypto -lcrypto -ldl -lpthread -lrt -lpthread -lrt
DBG 83685: compile check for libsasl (WITH_SASL_CYRUS) failed: gcc  -g -O2 -fPIC -Wall -Wsign-compare -Wfloat-equal -Wpointer-arith -Wcast-align -Wall -Werror _mkltmp14i17x.c -o _mkltmp14i17x.c.o  -L/root/eventgate-deploy/node_modules/node-rdkafka/build/deps -lsasl -lssl -lcrypto -lcrypto -ldl -lpthread -lrt -lpthread -lrt: _mkltmp14i17x.c:3:10: fatal error: sasl/sasl.h: No such file or directory
    3 | #include <sasl/sasl.h>
      |          ^~~~~~~~~~~~~
compilation terminated.
DBG 83685: Setting libsasl (libsasl) status to failed (action disable)
DBG 83685: Check libsasl (WITH_SASL_CYRUS, action disable (originally disable)) failed: compile check failed:
CC: CC
flags: -lsasl
gcc  -g -O2 -fPIC -Wall -Wsign-compare -Wfloat-equal -Wpointer-arith -Wcast-align -Wall -Werror _mkltmp14i17x.c -o _mkltmp14i17x.c.o  -L/root/eventgate-deploy/node_modules/node-rdkafka/build/deps -lsasl -lssl -lcrypto -lcrypto -ldl -lpthread -lrt -lpthread -lrt:
_mkltmp14i17x.c:3:10: fatal error: sasl/sasl.h: No such file or directory
    3 | #include <sasl/sasl.h>
      |          ^~~~~~~~~~~~~
compilation terminated.
source: 
#include <stddef.h>
#include <sasl/sasl.h>

DBG 83685: libzstd: Check for static library (libs -lzstd, arfile variable STATIC_LIB_libzstd=, static filenames libzstd.a)
DBG 83685: Compile check libzstd (WITH_ZSTD) (sub=0): gcc  -g -O2 -fPIC -Wall -Wsign-compare -Wfloat-equal -Wpointer-arith -Wcast-align -Wall -Werror _mkltmpWbBUjk.c -o _mkltmpWbBUjk.c.o  -L/root/eventgate-deploy/node_modules/node-rdkafka/build/deps -lzstd -lssl -lcrypto -lcrypto -ldl -lpthread -lrt -lpthread -lrt
DBG 83685: compile check for libzstd (WITH_ZSTD) failed: gcc  -g -O2 -fPIC -Wall -Wsign-compare -Wfloat-equal -Wpointer-arith -Wcast-align -Wall -Werror _mkltmpWbBUjk.c -o _mkltmpWbBUjk.c.o  -L/root/eventgate-deploy/node_modules/node-rdkafka/build/deps -lzstd -lssl -lcrypto -lcrypto -ldl -lpthread -lrt -lpthread -lrt: _mkltmpWbBUjk.c:2:10: fatal error: zstd.h: No such file or directory
    2 | #include <zstd.h>
      |          ^~~~~~~~
compilation terminated.
DBG 83685: Setting libzstd (libzstd) status to failed (action disable)
DBG 83685: Check libzstd (WITH_ZSTD, action disable (originally disable)) failed: compile check failed:
CC: CC
flags: -lzstd
gcc  -g -O2 -fPIC -Wall -Wsign-compare -Wfloat-equal -Wpointer-arith -Wcast-align -Wall -Werror _mkltmpWbBUjk.c -o _mkltmpWbBUjk.c.o  -L/root/eventgate-deploy/node_modules/node-rdkafka/build/deps -lzstd -lssl -lcrypto -lcrypto -ldl -lpthread -lrt -lpthread -lrt:
_mkltmpWbBUjk.c:2:10: fatal error: zstd.h: No such file or directory
    2 | #include <zstd.h>
      |          ^~~~~~~~
compilation terminated.
source: 
#include <zstd.h>
#include <zstd_errors.h>

void foo (void) {
     ZSTD_getFrameContentSize(NULL, 0);
}

DBG 83685: libcurl: Check for static library (libs -lcurl, arfile variable STATIC_LIB_libcurl=, static filenames libcurl.a)
DBG 83685: Compile check libcurl (WITH_CURL) (sub=0): gcc  -g -O2 -fPIC -Wall -Wsign-compare -Wfloat-equal -Wpointer-arith -Wcast-align -Wall -Werror _mkltmpgbCtMT.c -o _mkltmpgbCtMT.c.o  -L/root/eventgate-deploy/node_modules/node-rdkafka/build/deps -lcurl -lssl -lcrypto -lcrypto -ldl -lpthread -lrt -lpthread -lrt
DBG 83685: compile check for libcurl (WITH_CURL) failed: gcc  -g -O2 -fPIC -Wall -Wsign-compare -Wfloat-equal -Wpointer-arith -Wcast-align -Wall -Werror _mkltmpgbCtMT.c -o _mkltmpgbCtMT.c.o  -L/root/eventgate-deploy/node_modules/node-rdkafka/build/deps -lcurl -lssl -lcrypto -lcrypto -ldl -lpthread -lrt -lpthread -lrt: _mkltmpgbCtMT.c:2:10: fatal error: curl/curl.h: No such file or directory
    2 | #include <curl/curl.h>
      |          ^~~~~~~~~~~~~
compilation terminated.
DBG 83685: Setting libcurl (libcurl) status to failed (action disable)
DBG 83685: Check libcurl (WITH_CURL, action disable (originally disable)) failed: compile check failed:
CC: CC
flags: -lcurl
gcc  -g -O2 -fPIC -Wall -Wsign-compare -Wfloat-equal -Wpointer-arith -Wcast-align -Wall -Werror _mkltmpgbCtMT.c -o _mkltmpgbCtMT.c.o  -L/root/eventgate-deploy/node_modules/node-rdkafka/build/deps -lcurl -lssl -lcrypto -lcrypto -ldl -lpthread -lrt -lpthread -lrt:
_mkltmpgbCtMT.c:2:10: fatal error: curl/curl.h: No such file or directory
    2 | #include <curl/curl.h>
      |          ^~~~~~~~~~~~~
compilation terminated.
source: 
#include <curl/curl.h>

void foo (void) {
     curl_global_init(CURL_GLOBAL_DEFAULT);
}

DBG 83685: libm: Check for static library (libs -lm, arfile variable STATIC_LIB_libm=, static filenames )
DBG 83685: Compile check libm () (sub=0): gcc  -g -O2 -fPIC -Wall -Wsign-compare -Wfloat-equal -Wpointer-arith -Wcast-align -Wall -Werror _mkltmploXcwT.c -o _mkltmploXcwT.c.o  -L/root/eventgate-deploy/node_modules/node-rdkafka/build/deps -lm -lssl -lcrypto -lcrypto -ldl -lpthread -lrt -lpthread -lrt
DBG 83685: Setting libm (libm) status to ok (action disable)
DBG 83685: libm: from lib_check: LIBS: prepend -lm
DBG 83685: liblz4: Check for static library (libs -llz4, arfile variable STATIC_LIB_liblz4=, static filenames liblz4.a)
DBG 83685: Compile check liblz4 (WITH_LZ4_EXT) (sub=0): gcc  -g -O2 -fPIC -Wall -Wsign-compare -Wfloat-equal -Wpointer-arith -Wcast-align -Wall -Werror _mkltmpGZR3rf.c -o _mkltmpGZR3rf.c.o  -L/root/eventgate-deploy/node_modules/node-rdkafka/build/deps -llz4 -lm -lssl -lcrypto -lcrypto -ldl -lpthread -lrt -lpthread -lrt
DBG 83685: compile check for liblz4 (WITH_LZ4_EXT) failed: gcc  -g -O2 -fPIC -Wall -Wsign-compare -Wfloat-equal -Wpointer-arith -Wcast-align -Wall -Werror _mkltmpGZR3rf.c -o _mkltmpGZR3rf.c.o  -L/root/eventgate-deploy/node_modules/node-rdkafka/build/deps -llz4 -lm -lssl -lcrypto -lcrypto -ldl -lpthread -lrt -lpthread -lrt: _mkltmpGZR3rf.c:1:10: fatal error: lz4frame.h: No such file or directory
    1 | #include <lz4frame.h>
      |          ^~~~~~~~~~~~
compilation terminated.
DBG 83685: Setting liblz4 (liblz4) status to failed (action disable)
DBG 83685: Check liblz4 (WITH_LZ4_EXT, action disable (originally disable)) failed: compile check failed:
CC: CC
flags: -llz4
gcc  -g -O2 -fPIC -Wall -Wsign-compare -Wfloat-equal -Wpointer-arith -Wcast-align -Wall -Werror _mkltmpGZR3rf.c -o _mkltmpGZR3rf.c.o  -L/root/eventgate-deploy/node_modules/node-rdkafka/build/deps -llz4 -lm -lssl -lcrypto -lcrypto -ldl -lpthread -lrt -lpthread -lrt:
_mkltmpGZR3rf.c:1:10: fatal error: lz4frame.h: No such file or directory
    1 | #include <lz4frame.h>
      |          ^~~~~~~~~~~~
compilation terminated.
source: #include <lz4frame.h>
DBG 83685: Compile check syslog (WITH_SYSLOG) (sub=0): gcc  -g -O2 -fPIC -Wall -Wsign-compare -Wfloat-equal -Wpointer-arith -Wcast-align -Wall -Werror _mkltmpg2OpxL.c -o _mkltmpg2OpxL.c.o  -L/root/eventgate-deploy/node_modules/node-rdkafka/build/deps  -lm -lssl -lcrypto -lcrypto -ldl -lpthread -lrt -lpthread -lrt
DBG 83685: Setting syslog (syslog) status to ok (action disable)
DBG 83685: Compile check rapidjson (WITH_RAPIDJSON) (sub=0): g++  -g -O2 -fPIC -Wall -Wsign-compare -Wfloat-equal -Wpointer-arith -Wcast-align -Wall -Werror _mkltmpeq0ON0.cpp -o _mkltmpeq0ON0.cpp.o  -L/root/eventgate-deploy/node_modules/node-rdkafka/build/deps  -lm -lssl -lcrypto -lcrypto -ldl -lpthread -lrt -lpthread -lrt
DBG 83685: compile check for rapidjson (WITH_RAPIDJSON) failed: g++  -g -O2 -fPIC -Wall -Wsign-compare -Wfloat-equal -Wpointer-arith -Wcast-align -Wall -Werror _mkltmpeq0ON0.cpp -o _mkltmpeq0ON0.cpp.o  -L/root/eventgate-deploy/node_modules/node-rdkafka/build/deps  -lm -lssl -lcrypto -lcrypto -ldl -lpthread -lrt -lpthread -lrt: _mkltmpeq0ON0.cpp:1:10: fatal error: rapidjson/schema.h: No such file or directory
    1 | #include <rapidjson/schema.h>
      |          ^~~~~~~~~~~~~~~~~~~~
compilation terminated.
DBG 83685: Setting rapidjson (rapidjson) status to failed (action disable)
DBG 83685: Check rapidjson (WITH_RAPIDJSON, action disable (originally disable)) failed: compile check failed:
CC: CXX
flags: 
g++  -g -O2 -fPIC -Wall -Wsign-compare -Wfloat-equal -Wpointer-arith -Wcast-align -Wall -Werror _mkltmpeq0ON0.cpp -o _mkltmpeq0ON0.cpp.o  -L/root/eventgate-deploy/node_modules/node-rdkafka/build/deps  -lm -lssl -lcrypto -lcrypto -ldl -lpthread -lrt -lpthread -lrt:
_mkltmpeq0ON0.cpp:1:10: fatal error: rapidjson/schema.h: No such file or directory
    1 | #include <rapidjson/schema.h>
      |          ^~~~~~~~~~~~~~~~~~~~
compilation terminated.
source: #include <rapidjson/schema.h>
DBG 83685: Compile check crc32chw (WITH_CRC32C_HW) (sub=0): gcc  -g -O2 -fPIC -Wall -Wsign-compare -Wfloat-equal -Wpointer-arith -Wcast-align -Wall -Werror _mkltmprecNiS.c -o _mkltmprecNiS.c.o  -L/root/eventgate-deploy/node_modules/node-rdkafka/build/deps  -lm -lssl -lcrypto -lcrypto -ldl -lpthread -lrt -lpthread -lrt
DBG 83685: Setting crc32chw (crc32chw) status to ok (action disable)
DBG 83685: Compile check regex (HAVE_REGEX) (sub=0): gcc  -g -O2 -fPIC -Wall -Wsign-compare -Wfloat-equal -Wpointer-arith -Wcast-align -Wall -Werror _mkltmpv315cs.c -o _mkltmpv315cs.c.o  -L/root/eventgate-deploy/node_modules/node-rdkafka/build/deps  -lm -lssl -lcrypto -lcrypto -ldl -lpthread -lrt -lpthread -lrt
DBG 83685: Setting regex (regex) status to ok (action disable)
DBG 83685: Compile check rand_r (HAVE_RAND_R) (sub=0): gcc  -g -O2 -fPIC -Wall -Wsign-compare -Wfloat-equal -Wpointer-arith -Wcast-align -Wall -Werror _mkltmpil9SAe.c -o _mkltmpil9SAe.c.o  -L/root/eventgate-deploy/node_modules/node-rdkafka/build/deps  -lm -lssl -lcrypto -lcrypto -ldl -lpthread -lrt -lpthread -lrt
DBG 83685: Setting rand_r (rand_r) status to ok (action disable)
DBG 83685: Compile check strndup (HAVE_STRNDUP) (sub=0): gcc  -g -O2 -fPIC -Wall -Wsign-compare -Wfloat-equal -Wpointer-arith -Wcast-align -Wall -Werror _mkltmpIc4UCf.c -o _mkltmpIc4UCf.c.o  -L/root/eventgate-deploy/node_modules/node-rdkafka/build/deps  -lm -lssl -lcrypto -lcrypto -ldl -lpthread -lrt -lpthread -lrt
DBG 83685: Setting strndup (strndup) status to ok (action disable)
DBG 83685: Compile check strlcpy (HAVE_STRLCPY) (sub=0): gcc  -g -O2 -fPIC -Wall -Wsign-compare -Wfloat-equal -Wpointer-arith -Wcast-align -Wall -Werror _mkltmpqhfhVW.c -o _mkltmpqhfhVW.c.o  -L/root/eventgate-deploy/node_modules/node-rdkafka/build/deps  -lm -lssl -lcrypto -lcrypto -ldl -lpthread -lrt -lpthread -lrt
DBG 83685: Setting strlcpy (strlcpy) status to ok (action disable)
DBG 83685: Compile check strerror_r (HAVE_STRERROR_R) (sub=0): gcc  -g -O2 -fPIC -Wall -Wsign-compare -Wfloat-equal -Wpointer-arith -Wcast-align -Wall -Werror _mkltmp3iWEQI.c -o _mkltmp3iWEQI.c.o  -L/root/eventgate-deploy/node_modules/node-rdkafka/build/deps  -lm -lssl -lcrypto -lcrypto -ldl -lpthread -lrt -lpthread -lrt
DBG 83685: Setting strerror_r (strerror_r) status to ok (action disable)
DBG 83685: Compile check strcasestr (HAVE_STRCASESTR) (sub=0): gcc  -g -O2 -fPIC -Wall -Wsign-compare -Wfloat-equal -Wpointer-arith -Wcast-align -Wall -Werror _mkltmpWrbjCq.c -o _mkltmpWrbjCq.c.o  -L/root/eventgate-deploy/node_modules/node-rdkafka/build/deps  -lm -lssl -lcrypto -lcrypto -ldl -lpthread -lrt -lpthread -lrt
DBG 83685: Setting strcasestr (strcasestr) status to ok (action disable)
DBG 83685: Compile check pthread_setname_gnu (HAVE_PTHREAD_SETNAME_GNU) (sub=0): gcc  -g -O2 -fPIC -Wall -Wsign-compare -Wfloat-equal -Wpointer-arith -Wcast-align -Wall -Werror _mkltmpEgNA4q.c -o _mkltmpEgNA4q.c.o  -L/root/eventgate-deploy/node_modules/node-rdkafka/build/deps -D_GNU_SOURCE -lpthread -lm -lssl -lcrypto -lcrypto -ldl -lpthread -lrt -lpthread -lrt
DBG 83685: Setting pthread_setname_gnu (pthread_setname_gnu) status to ok (action disable)
DBG 83685: Setting nm (nm) status to ok (action cont)
DBG 83685: Setting python3 (python3) status to ok (action disable)
DBG 83685: Compile check getrusage (HAVE_GETRUSAGE) (sub=0): gcc  -g -O2 -fPIC -Wall -Wsign-compare -Wfloat-equal -Wpointer-arith -Wcast-align -Wall -Werror _mkltmpia8O9O.c -o _mkltmpia8O9O.c.o  -L/root/eventgate-deploy/node_modules/node-rdkafka/build/deps  -lm -lssl -lcrypto -lcrypto -ldl -lpthread -lrt -lpthread -lrt
DBG 83685: Setting getrusage (getrusage) status to ok (action disable)
